{
    "FunctionName": "hello-cli",
    "FunctionArn": "arn:aws:lambda:us-east-1:659434676056:function:hello-cli:1",
    "Runtime": "nodejs14.x",
    "Role": "arn:aws:iam::659434676056:role/lambda-first",
    "Handler": "index.handler",
    "CodeSize": 324,
    "Description": "",
    "Timeout": 3,
    "MemorySize": 128,
    "LastModified": "2021-07-14T01:47:03.200+0000",
    "CodeSha256": "kciDQHCq3r+a4l5ISlBs5/hErDBal0TKVuOTOK04NZI=",
    "Version": "1",
    "TracingConfig": {
        "Mode": "PassThrough"
    },
    "RevisionId": "3d4ebc2d-8c7a-4fc6-8b58-7a8b243f173e",
    "State": "Active",
    "LastUpdateStatus": "Successful",
    "PackageType": "Zip"
}
